This is XeTeX, Version 3.141592653-2.6-0.999993 (TeX Live 2022/dev/Debian) (preloaded format=xelatex 2026.2.1)  19 APR 2026 17:04
entering extended mode
 restricted \write18 enabled.
 file:line:error style messages enabled.
 %&-line parsing enabled.
**/home/long753/projects/personal-blog/content/posts/cumcm/template
(/home/long753/projects/personal-blog/content/posts/cumcm/template.tex
LaTeX2e <2021-11-15> patch level 1
L3 programming layer <2022-01-21>

! LaTeX Error: File `cumcmthesis.cls' not found.

Type X to quit or <RETURN> to proceed,
or enter new name. (Default extension: cls)

Enter file name: 
/home/long753/projects/personal-blog/content/posts/cumcm/template.tex:5: Emergency stop.
<read *> 
         
l.5 \usepackage
               {etoolbox}^^M
*** (cannot \read from terminal in nonstop modes)

 
Here is how much of TeX's memory you used:
 26 strings out of 477728
 629 string characters out of 5842239
 292209 words of memory out of 5000000
 20773 multiletter control sequences out of 15000+600000
 469259 words of font info for 28 fonts, out of 8000000 for 9000
 264 hyphenation exceptions out of 8191
 19i,0n,29p,135b,17s stack positions out of 5000i,500n,10000p,200000b,80000s
No pages of output.
